stdClass Object
(
    [title] => hoge
    [description] => fuga
)
stdClass Object
(
    [title] => hoge
    [description] => fuga
)
stdClass Object
(
    [foo] => bar
)
stdClass Object
(
    [foo] => bar
)
stdClass Object
(
    [pressure] => 1005.84
    [hum] => 33.12
    [temp] => 28.72
    [DateTime] => 2016/05/01 04:35:47
)
stdClass Object
(
    [pressure] => 1005.88
    [hum] => 33.03
    [temp] => 28.74
    [DateTime] => 2016/05/01 04:36:17
)
stdClass Object
(
    [pressure] => 1005.87
    [hum] => 33.03
    [temp] => 28.77
    [DateTime] => 2016/05/01 04:36:40
)
stdClass Object
(
    [pressure] => 1005.87
    [hum] => 33.04
    [temp] => 28.77
    [DateTime] => 2016/05/01 04:36:58
)
stdClass Object
(
    [pressure] => 1005.86
    [hum] => 33.06
    [temp] => 28.76
    [DateTime] => 2016/05/01 04:37:00
)
stdClass Object
(
    [pressure] => 1005.87
    [hum] => 33.03
    [temp] => 28.77
    [DateTime] => 2016/05/01 04:37:16
)
stdClass Object
(
    [pressure] => 1005.81
    [hum] => 32.84
    [temp] => 28.88
    [DateTime] => 2016/05/01 04:40:54
)
stdClass Object
(
    [pressure] => 1005.8
    [hum] => 32.81
    [temp] => 28.89
    [DateTime] => 2016/05/01 04:40:59
)
stdClass Object
(
    [pressure] => 1005.31
    [hum] => 46.44
    [temp] => 23.41
    [DateTime] => 2016/05/01 10:10:01
)
stdClass Object
(
    [pressure] => 1005.29
    [hum] => 45.64
    [temp] => 23.84
    [DateTime] => 2016/05/01 10:15:01
)
stdClass Object
(
    [pressure] => 1005.24
    [hum] => 45
    [temp] => 24.16
    [DateTime] => 2016/05/01 10:20:02
)
stdClass Object
(
    [pressure] => 1005.07
    [hum] => 43.52
    [temp] => 24.62
    [DateTime] => 2016/05/01 10:25:02
)
stdClass Object
(
    [pressure] => 1005.1
    [hum] => 42.35
    [temp] => 25.2
    [DateTime] => 2016/05/01 10:30:01
)
stdClass Object
(
    [pressure] => 1002.5
    [hum] => 31.42
    [temp] => 29.73
    [DateTime] => 2016/05/01 13:44:56
)
stdClass Object
(
    [pressure] => 1002.49
    [hum] => 31.52
    [temp] => 29.73
    [DateTime] => 2016/05/01 13:45:01
)
stdClass Object
(
    [pressure] => 1002.47
    [hum] => 33.19
    [temp] => 28.5
    [DateTime] => 2016/05/01 14:10:02
)
stdClass Object
(
    [pressure] => 1002.41
    [hum] => 34.36
    [temp] => 28.34
    [DateTime] => 2016/05/01 14:15:02
)
stdClass Object
(
    [pressure] => 1002.4
    [hum] => 32.79
    [temp] => 28.33
    [DateTime] => 2016/05/01 14:20:02
)
stdClass Object
(
    [pressure] => 1002.45
    [hum] => 34.24
    [temp] => 28.02
    [DateTime] => 2016/05/01 14:25:02
)
stdClass Object
(
    [pressure] => 1002.44
    [hum] => 34.25
    [temp] => 28.14
    [DateTime] => 2016/05/01 14:30:02
)
stdClass Object
(
    [pressure] => 1002.43
    [hum] => 33.6
    [temp] => 28.15
    [DateTime] => 2016/05/01 14:35:01
)
stdClass Object
(
    [pressure] => 1002.5
    [hum] => 34.06
    [temp] => 28.11
    [DateTime] => 2016/05/01 14:40:02
)
stdClass Object
(
    [pressure] => 1002.45
    [hum] => 34.53
    [temp] => 28.1
    [DateTime] => 2016/05/01 14:45:02
)
stdClass Object
(
    [pressure] => 1002.55
    [hum] => 34.64
    [temp] => 28.11
    [DateTime] => 2016/05/01 14:50:01
)
stdClass Object
(
    [pressure] => 1002.61
    [hum] => 34.54
    [temp] => 28.14
    [DateTime] => 2016/05/01 14:55:02
)
stdClass Object
(
    [pressure] => 1002.62
    [hum] => 35.16
    [temp] => 28.2
    [DateTime] => 2016/05/01 15:00:02
)
stdClass Object
(
    [pressure] => 1002.45
    [hum] => 35.15
    [temp] => 28.23
    [DateTime] => 2016/05/01 15:05:02
)
stdClass Object
(
    [pressure] => 1002.5
    [hum] => 34.84
    [temp] => 28.26
    [DateTime] => 2016/05/01 15:10:01
)
stdClass Object
(
    [pressure] => 1002.48
    [hum] => 34.8
    [temp] => 28.28
    [DateTime] => 2016/05/01 15:15:02
)
stdClass Object
(
    [pressure] => 1002.53
    [hum] => 34.98
    [temp] => 28.21
    [DateTime] => 2016/05/01 15:20:02
)
stdClass Object
(
    [pressure] => 1002.59
    [hum] => 34.44
    [temp] => 27.97
    [DateTime] => 2016/05/01 15:25:02
)
stdClass Object
(
    [pressure] => 1002.51
    [hum] => 33.52
    [temp] => 28.15
    [DateTime] => 2016/05/01 15:30:01
)
stdClass Object
(
    [pressure] => 1002.65
    [hum] => 33.97
    [temp] => 28.15
    [DateTime] => 2016/05/01 15:35:02
)
stdClass Object
(
    [pressure] => 1002.56
    [hum] => 33.94
    [temp] => 28.11
    [DateTime] => 2016/05/01 15:40:02
)
stdClass Object
(
    [pressure] => 1002.5
    [hum] => 34.57
    [temp] => 28.04
    [DateTime] => 2016/05/01 15:45:02
)
stdClass Object
(
    [pressure] => 1002.57
    [hum] => 34.39
    [temp] => 27.79
    [DateTime] => 2016/05/01 15:50:02
)
stdClass Object
(
    [pressure] => 1002.58
    [hum] => 35.03
    [temp] => 27.83
    [DateTime] => 2016/05/01 15:55:02
)
stdClass Object
(
    [pressure] => 1002.69
    [hum] => 35.32
    [temp] => 27.81
    [DateTime] => 2016/05/01 16:00:02
)
stdClass Object
(
    [pressure] => 1002.67
    [hum] => 36.07
    [temp] => 27.85
    [DateTime] => 2016/05/01 16:05:02
)
stdClass Object
(
    [pressure] => 1002.8
    [hum] => 35.29
    [temp] => 27.93
    [DateTime] => 2016/05/01 16:10:02
)
stdClass Object
(
    [pressure] => 1002.83
    [hum] => 35.76
    [temp] => 27.88
    [DateTime] => 2016/05/01 16:15:02
)
stdClass Object
(
    [pressure] => 1002.99
    [hum] => 36.01
    [temp] => 27.73
    [DateTime] => 2016/05/01 16:20:01
)
stdClass Object
(
    [pressure] => 1003.13
    [hum] => 36.38
    [temp] => 27.83
    [DateTime] => 2016/05/01 16:25:02
)
stdClass Object
(
    [pressure] => 1003.08
    [hum] => 36.09
    [temp] => 27.87
    [DateTime] => 2016/05/01 16:30:02
)
stdClass Object
(
    [pressure] => 1003.11
    [hum] => 36.08
    [temp] => 27.94
    [DateTime] => 2016/05/01 16:35:01
)
stdClass Object
(
    [pressure] => 1003.15
    [hum] => 36.51
    [temp] => 27.78
    [DateTime] => 2016/05/01 16:40:02
)
stdClass Object
(
    [pressure] => 1003.14
    [hum] => 36.18
    [temp] => 27.74
    [DateTime] => 2016/05/01 16:45:02
)
stdClass Object
(
    [pressure] => 1003.13
    [hum] => 35.66
    [temp] => 27.7
    [DateTime] => 2016/05/01 16:50:01
)
stdClass Object
(
    [pressure] => 1003.21
    [hum] => 35.53
    [temp] => 27.67
    [DateTime] => 2016/05/01 16:55:01
)
stdClass Object
(
    [pressure] => 1003.26
    [hum] => 36.1
    [temp] => 27.71
    [DateTime] => 2016/05/01 17:00:02
)
stdClass Object
(
    [pressure] => 1003.26
    [hum] => 36.15
    [temp] => 27.76
    [DateTime] => 2016/05/01 17:05:01
)
stdClass Object
(
    [pressure] => 1003.19
    [hum] => 35.6
    [temp] => 27.71
    [DateTime] => 2016/05/01 17:10:01
)
stdClass Object
(
    [pressure] => 1003.33
    [hum] => 35.27
    [temp] => 27.74
    [DateTime] => 2016/05/01 17:15:02
)
stdClass Object
(
    [pressure] => 1003.35
    [hum] => 34.76
    [temp] => 27.77
    [DateTime] => 2016/05/01 17:20:02
)
stdClass Object
(
    [pressure] => 1003.44
    [hum] => 35.17
    [temp] => 27.69
    [DateTime] => 2016/05/01 17:25:02
)
stdClass Object
(
    [pressure] => 1003.41
    [hum] => 35.87
    [temp] => 27.77
    [DateTime] => 2016/05/01 17:30:01
)
stdClass Object
(
    [pressure] => 1003.71
    [hum] => 35.83
    [temp] => 27.77
    [DateTime] => 2016/05/01 17:45:01
)
stdClass Object
(
    [pressure] => 1003.83
    [hum] => 35.74
    [temp] => 27.81
    [DateTime] => 2016/05/01 17:50:02
)
stdClass Object
(
    [pressure] => 1003.95
    [hum] => 37.03
    [temp] => 27.66
    [DateTime] => 2016/05/01 17:55:02
)
stdClass Object
(
    [pressure] => 1004.1
    [hum] => 37.97
    [temp] => 27.59
    [DateTime] => 2016/05/01 18:00:01
)
stdClass Object
(
    [pressure] => 1004.23
    [hum] => 38.58
    [temp] => 27.61
    [DateTime] => 2016/05/01 18:05:02
)
stdClass Object
(
    [pressure] => 1004.26
    [hum] => 38.57
    [temp] => 27.76
    [DateTime] => 2016/05/01 18:10:02
)
stdClass Object
(
    [pressure] => 1004.34
    [hum] => 38.16
    [temp] => 27.79
    [DateTime] => 2016/05/01 18:15:01
)
stdClass Object
(
    [pressure] => 1004.38
    [hum] => 38.02
    [temp] => 27.86
    [DateTime] => 2016/05/01 18:20:02
)
stdClass Object
(
    [pressure] => 1004.48
    [hum] => 38.36
    [temp] => 27.88
    [DateTime] => 2016/05/01 18:25:02
)
stdClass Object
(
    [pressure] => 1004.51
    [hum] => 38.2
    [temp] => 27.96
    [DateTime] => 2016/05/01 18:30:02
)
stdClass Object
(
    [pressure] => 1004.64
    [hum] => 38.62
    [temp] => 27.94
    [DateTime] => 2016/05/01 18:35:02
)
stdClass Object
(
    [pressure] => 1004.75
    [hum] => 38.14
    [temp] => 28.04
    [DateTime] => 2016/05/01 18:40:02
)
stdClass Object
(
    [pressure] => 1004.93
    [hum] => 39.13
    [temp] => 28.1
    [DateTime] => 2016/05/01 18:45:02
)
stdClass Object
(
    [pressure] => 1005.04
    [hum] => 39.36
    [temp] => 28.2
    [DateTime] => 2016/05/01 18:50:01
)
stdClass Object
(
    [pressure] => 1005.1
    [hum] => 39.07
    [temp] => 28.27
    [DateTime] => 2016/05/01 18:55:02
)
stdClass Object
(
    [pressure] => 1005.19
    [hum] => 38.58
    [temp] => 28.39
    [DateTime] => 2016/05/01 19:00:02
)
stdClass Object
(
    [pressure] => 1005.21
    [hum] => 38.49
    [temp] => 28.44
    [DateTime] => 2016/05/01 19:05:01
)
stdClass Object
(
    [pressure] => 1005.35
    [hum] => 38.74
    [temp] => 28.39
    [DateTime] => 2016/05/01 19:10:02
)
stdClass Object
(
    [pressure] => 1005.3
    [hum] => 38.91
    [temp] => 28.29
    [DateTime] => 2016/05/01 19:15:02
)
stdClass Object
(
    [pressure] => 1005.39
    [hum] => 39.39
    [temp] => 28.23
    [DateTime] => 2016/05/01 19:20:01
)
stdClass Object
(
    [pressure] => 1005.46
    [hum] => 39.99
    [temp] => 28.12
    [DateTime] => 2016/05/01 19:25:01
)
stdClass Object
(
    [pressure] => 1005.66
    [hum] => 39.83
    [temp] => 28.05
    [DateTime] => 2016/05/01 19:30:02
)
stdClass Object
(
    [pressure] => 1005.83
    [hum] => 40.03
    [temp] => 28.02
    [DateTime] => 2016/05/01 19:35:02
)
stdClass Object
(
    [pressure] => 1005.82
    [hum] => 39.88
    [temp] => 28
    [DateTime] => 2016/05/01 19:40:01
)
stdClass Object
(
    [pressure] => 1005.83
    [hum] => 40.03
    [temp] => 27.92
    [DateTime] => 2016/05/01 19:45:02
)
stdClass Object
(
    [pressure] => 1005.96
    [hum] => 40.45
    [temp] => 27.83
    [DateTime] => 2016/05/01 19:50:02
)
stdClass Object
(
    [pressure] => 1006.09
    [hum] => 40.61
    [temp] => 27.72
    [DateTime] => 2016/05/01 19:55:01
)
stdClass Object
(
    [pressure] => 1006.27
    [hum] => 40.58
    [temp] => 27.63
    [DateTime] => 2016/05/01 20:00:01
)
stdClass Object
(
    [pressure] => 1006.46
    [hum] => 40.77
    [temp] => 27.56
    [DateTime] => 2016/05/01 20:05:02
)
stdClass Object
(
    [pressure] => 1006.44
    [hum] => 40.95
    [temp] => 27.47
    [DateTime] => 2016/05/01 20:10:02
)
stdClass Object
(
    [pressure] => 1006.5
    [hum] => 41.44
    [temp] => 27.39
    [DateTime] => 2016/05/01 20:15:01
)
stdClass Object
(
    [pressure] => 1006.69
    [hum] => 41.78
    [temp] => 27.27
    [DateTime] => 2016/05/01 20:20:02
)
stdClass Object
(
    [pressure] => 1006.77
    [hum] => 42.25
    [temp] => 27.17
    [DateTime] => 2016/05/01 20:25:02
)
stdClass Object
(
    [pressure] => 1006.9
    [hum] => 41.9
    [temp] => 27.09
    [DateTime] => 2016/05/01 20:30:02
)
stdClass Object
(
    [pressure] => 1007.02
    [hum] => 41.99
    [temp] => 27.02
    [DateTime] => 2016/05/01 20:35:01
)
stdClass Object
(
    [pressure] => 1007.21
    [hum] => 41.99
    [temp] => 27.1
    [DateTime] => 2016/05/01 20:40:02
)
stdClass Object
(
    [pressure] => 1007.48
    [hum] => 42.29
    [temp] => 27
    [DateTime] => 2016/05/01 20:45:02
)
stdClass Object
(
    [pressure] => 1007.45
    [hum] => 43.24
    [temp] => 26.88
    [DateTime] => 2016/05/01 20:50:01
)
stdClass Object
(
    [pressure] => 1007.51
    [hum] => 43.68
    [temp] => 26.87
    [DateTime] => 2016/05/01 20:55:02
)
stdClass Object
(
    [pressure] => 1007.65
    [hum] => 42.74
    [temp] => 26.96
    [DateTime] => 2016/05/01 21:00:02
)
stdClass Object
(
    [pressure] => 1007.8
    [hum] => 42
    [temp] => 27.45
    [DateTime] => 2016/05/01 21:05:01
)
stdClass Object
(
    [pressure] => 1007.81
    [hum] => 41.02
    [temp] => 27.82
    [DateTime] => 2016/05/01 21:10:01
)
stdClass Object
(
    [pressure] => 1007.75
    [hum] => 39.89
    [temp] => 28.25
    [DateTime] => 2016/05/01 21:15:02
)
stdClass Object
(
    [pressure] => 1007.87
    [hum] => 39.33
    [temp] => 28.6
    [DateTime] => 2016/05/01 21:20:02
)
stdClass Object
(
    [pressure] => 1007.99
    [hum] => 38.68
    [temp] => 28.87
    [DateTime] => 2016/05/01 21:25:01
)
stdClass Object
(
    [pressure] => 1007.96
    [hum] => 38.09
    [temp] => 29.21
    [DateTime] => 2016/05/01 21:30:02
)
stdClass Object
(
    [pressure] => 1008.05
    [hum] => 37.48
    [temp] => 29.55
    [DateTime] => 2016/05/01 21:35:02
)
stdClass Object
(
    [pressure] => 1007.97
    [hum] => 37.38
    [temp] => 29.63
    [DateTime] => 2016/05/01 21:40:01
)
stdClass Object
(
    [pressure] => 1007.97
    [hum] => 37.29
    [temp] => 29.65
    [DateTime] => 2016/05/01 21:45:01
)
stdClass Object
(
    [pressure] => 1007.96
    [hum] => 37.65
    [temp] => 29.64
    [DateTime] => 2016/05/01 21:50:02
)
stdClass Object
(
    [pressure] => 1008.09
    [hum] => 38.25
    [temp] => 29.59
    [DateTime] => 2016/05/01 21:55:02
)
stdClass Object
(
    [pressure] => 1008.16
    [hum] => 38.08
    [temp] => 29.55
    [DateTime] => 2016/05/01 22:00:01
)
stdClass Object
(
    [pressure] => 1008.22
    [hum] => 38.36
    [temp] => 29.54
    [DateTime] => 2016/05/01 22:05:02
)
stdClass Object
(
    [pressure] => 1008.28
    [hum] => 38.78
    [temp] => 29.39
    [DateTime] => 2016/05/01 22:10:02
)
stdClass Object
(
    [pressure] => 1008.33
    [hum] => 38.75
    [temp] => 29.24
    [DateTime] => 2016/05/01 22:15:02
)
stdClass Object
(
    [pressure] => 1008.3
    [hum] => 38.57
    [temp] => 29.13
    [DateTime] => 2016/05/01 22:20:02
)
stdClass Object
(
    [pressure] => 1008.19
    [hum] => 38.77
    [temp] => 29.07
    [DateTime] => 2016/05/01 22:25:02
)
stdClass Object
(
    [pressure] => 1008.26
    [hum] => 39.01
    [temp] => 29.01
    [DateTime] => 2016/05/01 22:30:02
)
stdClass Object
(
    [pressure] => 1008.27
    [hum] => 39.24
    [temp] => 28.85
    [DateTime] => 2016/05/01 22:35:01
)
stdClass Object
(
    [pressure] => 1008.27
    [hum] => 38.89
    [temp] => 28.89
    [DateTime] => 2016/05/01 22:40:02
)
stdClass Object
(
    [pressure] => 1008.19
    [hum] => 38.3
    [temp] => 29.02
    [DateTime] => 2016/05/01 22:45:02
)
stdClass Object
(
    [pressure] => 1008.28
    [hum] => 38.15
    [temp] => 29.04
    [DateTime] => 2016/05/01 22:50:01
)
stdClass Object
(
    [pressure] => 1008.31
    [hum] => 38.01
    [temp] => 29.06
    [DateTime] => 2016/05/01 22:55:02
)
stdClass Object
(
    [pressure] => 1008.32
    [hum] => 37.94
    [temp] => 29.07
    [DateTime] => 2016/05/01 23:00:02
)
stdClass Object
(
    [pressure] => 1008.27
    [hum] => 38.01
    [temp] => 29.03
    [DateTime] => 2016/05/01 23:05:01
)
stdClass Object
(
    [pressure] => 1008.5
    [hum] => 38.24
    [temp] => 29.06
    [DateTime] => 2016/05/01 23:10:02
)
stdClass Object
(
    [pressure] => 1008.59
    [hum] => 37.71
    [temp] => 29.06
    [DateTime] => 2016/05/01 23:15:02
)
stdClass Object
(
    [pressure] => 1008.65
    [hum] => 37.51
    [temp] => 29.08
    [DateTime] => 2016/05/01 23:20:01
)
stdClass Object
(
    [pressure] => 1008.78
    [hum] => 38.06
    [temp] => 28.95
    [DateTime] => 2016/05/01 23:25:01
)
stdClass Object
(
    [pressure] => 1008.87
    [hum] => 38.49
    [temp] => 28.41
    [DateTime] => 2016/05/01 23:30:02
)
stdClass Object
(
    [pressure] => 1008.84
    [hum] => 39.51
    [temp] => 28.06
    [DateTime] => 2016/05/01 23:35:02
)
stdClass Object
(
    [pressure] => 1008.85
    [hum] => 39.86
    [temp] => 27.76
    [DateTime] => 2016/05/01 23:40:01
)
stdClass Object
(
    [pressure] => 1008.93
    [hum] => 40.14
    [temp] => 27.53
    [DateTime] => 2016/05/01 23:45:01
)
stdClass Object
(
    [pressure] => 1009.04
    [hum] => 45.63
    [temp] => 27.37
    [DateTime] => 2016/05/01 23:50:02
)
stdClass Object
(
    [pressure] => 1009.03
    [hum] => 41.73
    [temp] => 27.55
    [DateTime] => 2016/05/01 23:55:01
)
stdClass Object
(
    [pressure] => 1009.24
    [hum] => 41.55
    [temp] => 27.76
    [DateTime] => 2016/05/02 00:15:01
)
stdClass Object
(
    [pressure] => 1009.25
    [hum] => 41.02
    [temp] => 27.82
    [DateTime] => 2016/05/02 00:20:02
)
stdClass Object
(
    [pressure] => 1009.26
    [hum] => 41.02
    [temp] => 27.76
    [DateTime] => 2016/05/02 00:25:02
)
stdClass Object
(
    [pressure] => 1009.26
    [hum] => 41.65
    [temp] => 27.7
    [DateTime] => 2016/05/02 00:30:02
)
stdClass Object
(
    [pressure] => 1009.13
    [hum] => 42.57
    [temp] => 27.47
    [DateTime] => 2016/05/02 00:35:01
)
stdClass Object
(
    [pressure] => 1009.16
    [hum] => 42.12
    [temp] => 27.36
    [DateTime] => 2016/05/02 00:40:02
)
stdClass Object
(
    [pressure] => 1009.19
    [hum] => 41.33
    [temp] => 27.44
    [DateTime] => 2016/05/02 00:45:02
)
stdClass Object
(
    [pressure] => 1009.29
    [hum] => 41.62
    [temp] => 27.39
    [DateTime] => 2016/05/02 00:50:01
)
stdClass Object
(
    [pressure] => 1009.41
    [hum] => 41.63
    [temp] => 27.21
    [DateTime] => 2016/05/02 00:55:01
)
stdClass Object
(
    [pressure] => 1009.5
    [hum] => 41.73
    [temp] => 27.23
    [DateTime] => 2016/05/02 01:00:02
)
stdClass Object
(
    [pressure] => 1009.57
    [hum] => 42.12
    [temp] => 27.11
    [DateTime] => 2016/05/02 01:05:02
)
stdClass Object
(
    [pressure] => 1009.67
    [hum] => 41.7
    [temp] => 27.17
    [DateTime] => 2016/05/02 01:10:01
)
stdClass Object
(
    [pressure] => 1009.64
    [hum] => 41.52
    [temp] => 27.17
    [DateTime] => 2016/05/02 01:15:02
)
stdClass Object
(
    [pressure] => 1009.61
    [hum] => 41.71
    [temp] => 27.21
    [DateTime] => 2016/05/02 01:20:02
)
stdClass Object
(
    [pressure] => 1009.68
    [hum] => 41.37
    [temp] => 27.23
    [DateTime] => 2016/05/02 01:25:02
)
stdClass Object
(
    [pressure] => 1009.82
    [hum] => 42.11
    [temp] => 27.18
    [DateTime] => 2016/05/02 01:30:01
)
stdClass Object
(
    [pressure] => 1009.96
    [hum] => 42.86
    [temp] => 27.07
    [DateTime] => 2016/05/02 01:35:02
)
stdClass Object
(
    [pressure] => 1009.98
    [hum] => 43.02
    [temp] => 27.03
    [DateTime] => 2016/05/02 01:40:02
)
stdClass Object
(
    [pressure] => 1009.94
    [hum] => 42.42
    [temp] => 27.02
    [DateTime] => 2016/05/02 01:45:01
)
stdClass Object
(
    [pressure] => 1009.98
    [hum] => 41.76
    [temp] => 26.95
    [DateTime] => 2016/05/02 01:50:02
)
stdClass Object
(
    [pressure] => 1009.81
    [hum] => 42.64
    [temp] => 26.94
    [DateTime] => 2016/05/02 01:55:02
)
stdClass Object
(
    [pressure] => 1010.01
    [hum] => 41.85
    [temp] => 26.92
    [DateTime] => 2016/05/02 02:00:01
)
stdClass Object
(
    [pressure] => 1010.24
    [hum] => 41.75
    [temp] => 26.94
    [DateTime] => 2016/05/02 02:05:02
)
stdClass Object
(
    [pressure] => 1010.43
    [hum] => 41.81
    [temp] => 26.94
    [DateTime] => 2016/05/02 02:10:02
)
stdClass Object
(
    [pressure] => 1010.49
    [hum] => 41.65
    [temp] => 27.19
    [DateTime] => 2016/05/02 02:15:02
)
stdClass Object
(
    [pressure] => 1010.63
    [hum] => 41.77
    [temp] => 27.26
    [DateTime] => 2016/05/02 02:20:01
)
stdClass Object
(
    [pressure] => 1010.68
    [hum] => 42.04
    [temp] => 27.25
    [DateTime] => 2016/05/02 02:25:02
)
stdClass Object
(
    [pressure] => 1010.67
    [hum] => 41.73
    [temp] => 27.3
    [DateTime] => 2016/05/02 02:30:02
)
stdClass Object
(
    [pressure] => 1010.76
    [hum] => 42.01
    [temp] => 27.36
    [DateTime] => 2016/05/02 02:35:01
)
stdClass Object
(
    [pressure] => 1010.77
    [hum] => 42.41
    [temp] => 27.39
    [DateTime] => 2016/05/02 02:40:02
)
stdClass Object
(
    [pressure] => 1010.92
    [hum] => 42.38
    [temp] => 27.4
    [DateTime] => 2016/05/02 02:45:02
)
stdClass Object
(
    [pressure] => 1010.91
    [hum] => 42.31
    [temp] => 27.46
    [DateTime] => 2016/05/02 02:50:01
)
stdClass Object
(
    [pressure] => 1010.96
    [hum] => 42.06
    [temp] => 27.49
    [DateTime] => 2016/05/02 02:55:02
)
stdClass Object
(
    [pressure] => 1010.96
    [hum] => 41.09
    [temp] => 27.57
    [DateTime] => 2016/05/02 03:00:02
)
stdClass Object
(
    [pressure] => 1014.01
    [hum] => 43.01
    [temp] => 25.68
    [DateTime] => 2016/05/02 08:00:01
)
stdClass Object
(
    [pressure] => 1013.88
    [hum] => 41.94
    [temp] => 26.16
    [DateTime] => 2016/05/02 08:05:02
)
stdClass Object
(
    [pressure] => 1013.85
    [hum] => 41.17
    [temp] => 26.55
    [DateTime] => 2016/05/02 08:10:02
)
stdClass Object
(
    [pressure] => 1013.87
    [hum] => 40.32
    [temp] => 26.93
    [DateTime] => 2016/05/02 08:15:01
)
stdClass Object
(
    [pressure] => 1013.86
    [hum] => 39.22
    [temp] => 27.17
    [DateTime] => 2016/05/02 08:20:02
)
stdClass Object
(
    [pressure] => 1013.91
    [hum] => 39.64
    [temp] => 27.34
    [DateTime] => 2016/05/02 08:25:02
)
stdClass Object
(
    [pressure] => 1014.01
    [hum] => 39.12
    [temp] => 27.64
    [DateTime] => 2016/05/02 08:30:01
)
stdClass Object
(
    [pressure] => 1014
    [hum] => 39.13
    [temp] => 27.29
    [DateTime] => 2016/05/02 08:35:02
)
stdClass Object
(
    [pressure] => 1014.01
    [hum] => 39.46
    [temp] => 26.99
    [DateTime] => 2016/05/02 08:40:02
)
stdClass Object
(
    [pressure] => 1014.07
    [hum] => 39.62
    [temp] => 26.76
    [DateTime] => 2016/05/02 08:45:02
)
stdClass Object
(
    [pressure] => 1014.19
    [hum] => 39.89
    [temp] => 26.49
    [DateTime] => 2016/05/02 08:50:02
)
stdClass Object
(
    [pressure] => 1014.29
    [hum] => 40.11
    [temp] => 26.26
    [DateTime] => 2016/05/02 08:55:02
)
stdClass Object
(
    [pressure] => 1014.28
    [hum] => 40.31
    [temp] => 26.08
    [DateTime] => 2016/05/02 09:00:02
)
stdClass Object
(
    [pressure] => 1014.36
    [hum] => 40.57
    [temp] => 25.86
    [DateTime] => 2016/05/02 09:05:02
)
stdClass Object
(
    [pressure] => 1014.22
    [hum] => 40.84
    [temp] => 25.68
    [DateTime] => 2016/05/02 09:10:02
)
stdClass Object
(
    [pressure] => 1014.3
    [hum] => 41.12
    [temp] => 25.5
    [DateTime] => 2016/05/02 09:15:02
)
stdClass Object
(
    [pressure] => 1014.29
    [hum] => 41.39
    [temp] => 25.35
    [DateTime] => 2016/05/02 09:20:01
)
stdClass Object
(
    [pressure] => 1014.25
    [hum] => 41.59
    [temp] => 25.23
    [DateTime] => 2016/05/02 09:25:02
)
stdClass Object
(
    [pressure] => 1014.28
    [hum] => 41.82
    [temp] => 25.12
    [DateTime] => 2016/05/02 09:30:02
)
stdClass Object
(
    [pressure] => 1014.21
    [hum] => 41.96
    [temp] => 25.03
    [DateTime] => 2016/05/02 09:35:01
)
stdClass Object
(
    [pressure] => 1014.26
    [hum] => 42.18
    [temp] => 24.93
    [DateTime] => 2016/05/02 09:40:01
)
stdClass Object
(
    [pressure] => 1014.32
    [hum] => 42.33
    [temp] => 24.87
    [DateTime] => 2016/05/02 09:45:02
)
stdClass Object
(
    [pressure] => 1014.32
    [hum] => 42.46
    [temp] => 24.79
    [DateTime] => 2016/05/02 09:50:01
)
stdClass Object
(
    [pressure] => 1014.34
    [hum] => 42.62
    [temp] => 24.7
    [DateTime] => 2016/05/02 09:55:01
)
stdClass Object
(
    [pressure] => 1014.31
    [hum] => 42.75
    [temp] => 24.63
    [DateTime] => 2016/05/02 10:00:02
)
stdClass Object
(
    [pressure] => 1014.32
    [hum] => 42.87
    [temp] => 24.58
    [DateTime] => 2016/05/02 10:05:02
)
stdClass Object
(
    [pressure] => 1014.32
    [hum] => 42.98
    [temp] => 24.51
    [DateTime] => 2016/05/02 10:10:01
)
stdClass Object
(
    [pressure] => 1014.19
    [hum] => 43.09
    [temp] => 24.45
    [DateTime] => 2016/05/02 10:15:02
)
stdClass Object
(
    [pressure] => 1014.24
    [hum] => 43.19
    [temp] => 24.4
    [DateTime] => 2016/05/02 10:20:02
)
stdClass Object
(
    [pressure] => 1014.19
    [hum] => 43.31
    [temp] => 24.35
    [DateTime] => 2016/05/02 10:25:02
)
stdClass Object
(
    [pressure] => 1014.21
    [hum] => 43.37
    [temp] => 24.31
    [DateTime] => 2016/05/02 10:30:01
)
stdClass Object
(
    [pressure] => 1014.18
    [hum] => 43.46
    [temp] => 24.27
    [DateTime] => 2016/05/02 10:35:02
)
stdClass Object
(
    [pressure] => 1014.2
    [hum] => 43.54
    [temp] => 24.24
    [DateTime] => 2016/05/02 10:40:02
)
stdClass Object
(
    [pressure] => 1014.2
    [hum] => 43.61
    [temp] => 24.2
    [DateTime] => 2016/05/02 10:45:01
)
stdClass Object
(
    [pressure] => 1014.13
    [hum] => 43.72
    [temp] => 24.16
    [DateTime] => 2016/05/02 10:50:02
)
stdClass Object
(
    [pressure] => 1014.03
    [hum] => 43.79
    [temp] => 24.14
    [DateTime] => 2016/05/02 10:55:02
)
stdClass Object
(
    [pressure] => 1013.97
    [hum] => 43.9
    [temp] => 24.09
    [DateTime] => 2016/05/02 11:00:02
)
stdClass Object
(
    [pressure] => 1014.01
    [hum] => 43.94
    [temp] => 24.06
    [DateTime] => 2016/05/02 11:05:02
)
stdClass Object
(
    [pressure] => 1014.04
    [hum] => 43.99
    [temp] => 24.05
    [DateTime] => 2016/05/02 11:10:02
)
stdClass Object
(
    [pressure] => 1013.92
    [hum] => 44.02
    [temp] => 24.01
    [DateTime] => 2016/05/02 11:15:02
)
stdClass Object
(
    [pressure] => 1013.83
    [hum] => 44.11
    [temp] => 23.99
    [DateTime] => 2016/05/02 11:20:01
)
stdClass Object
(
    [pressure] => 1013.78
    [hum] => 44.21
    [temp] => 23.94
    [DateTime] => 2016/05/02 11:25:02
)
stdClass Object
(
    [pressure] => 1013.92
    [hum] => 44.24
    [temp] => 23.93
    [DateTime] => 2016/05/02 11:30:02
)
stdClass Object
(
    [pressure] => 1013.87
    [hum] => 44.28
    [temp] => 23.92
    [DateTime] => 2016/05/02 11:35:02
)
stdClass Object
(
    [pressure] => 1013.75
    [hum] => 44.33
    [temp] => 23.88
    [DateTime] => 2016/05/02 11:40:02
)
stdClass Object
(
    [pressure] => 1013.72
    [hum] => 44.41
    [temp] => 23.86
    [DateTime] => 2016/05/02 11:45:01
)
stdClass Object
(
    [pressure] => 1013.71
    [hum] => 44.46
    [temp] => 23.86
    [DateTime] => 2016/05/02 11:50:02
)
stdClass Object
(
    [pressure] => 1013.59
    [hum] => 44.48
    [temp] => 23.83
    [DateTime] => 2016/05/02 11:55:02
)
stdClass Object
(
    [pressure] => 1013.52
    [hum] => 44.54
    [temp] => 23.8
    [DateTime] => 2016/05/02 12:00:01
)
stdClass Object
(
    [pressure] => 1013.34
    [hum] => 44.66
    [temp] => 23.79
    [DateTime] => 2016/05/02 12:05:02
)
stdClass Object
(
    [pressure] => 1013.5
    [hum] => 44.67
    [temp] => 23.79
    [DateTime] => 2016/05/02 12:10:02
)
stdClass Object
(
    [pressure] => 1013.42
    [hum] => 44.72
    [temp] => 23.77
    [DateTime] => 2016/05/02 12:15:01
)
stdClass Object
(
    [pressure] => 1013.36
    [hum] => 44.78
    [temp] => 23.74
    [DateTime] => 2016/05/02 12:20:02
)
stdClass Object
(
    [pressure] => 1013.32
    [hum] => 44.84
    [temp] => 23.73
    [DateTime] => 2016/05/02 12:25:02
)
stdClass Object
(
    [pressure] => 1013.33
    [hum] => 44.91
    [temp] => 23.71
    [DateTime] => 2016/05/02 12:30:02
)
stdClass Object
(
    [pressure] => 1013.29
    [hum] => 44.97
    [temp] => 23.7
    [DateTime] => 2016/05/02 12:35:02
)
stdClass Object
(
    [pressure] => 1013.34
    [hum] => 45
    [temp] => 23.68
    [DateTime] => 2016/05/02 12:40:02
)
stdClass Object
(
    [pressure] => 1013.2
    [hum] => 45
    [temp] => 23.68
    [DateTime] => 2016/05/02 12:45:02
)
stdClass Object
(
    [pressure] => 1013.25
    [hum] => 45.09
    [temp] => 23.66
    [DateTime] => 2016/05/02 12:50:01
)
stdClass Object
(
    [pressure] => 1013.34
    [hum] => 45.17
    [temp] => 23.65
    [DateTime] => 2016/05/02 12:55:02
)
stdClass Object
(
    [pressure] => 1013.38
    [hum] => 45.2
    [temp] => 23.64
    [DateTime] => 2016/05/02 13:00:02
)
stdClass Object
(
    [pressure] => 1013.22
    [hum] => 45.22
    [temp] => 23.64
    [DateTime] => 2016/05/02 13:05:01
)
stdClass Object
(
    [pressure] => 1013.17
    [hum] => 45.32
    [temp] => 23.61
    [DateTime] => 2016/05/02 13:10:02
)
stdClass Object
(
    [pressure] => 1013.19
    [hum] => 45.34
    [temp] => 23.61
    [DateTime] => 2016/05/02 13:15:02
)
stdClass Object
(
    [pressure] => 1013.14
    [hum] => 45.37
    [temp] => 23.61
    [DateTime] => 2016/05/02 13:20:01
)
stdClass Object
(
    [pressure] => 1013.15
    [hum] => 45.45
    [temp] => 23.6
    [DateTime] => 2016/05/02 13:25:01
)
stdClass Object
(
    [pressure] => 1013.09
    [hum] => 45.39
    [temp] => 23.6
    [DateTime] => 2016/05/02 13:30:02
)
stdClass Object
(
    [pressure] => 1013.07
    [hum] => 45.41
    [temp] => 23.59
    [DateTime] => 2016/05/02 13:35:02
)
stdClass Object
(
    [pressure] => 1012.93
    [hum] => 45.49
    [temp] => 23.58
    [DateTime] => 2016/05/02 13:40:01
)
stdClass Object
(
    [pressure] => 1013.02
    [hum] => 45.5
    [temp] => 23.57
    [DateTime] => 2016/05/02 13:45:02
)
stdClass Object
(
    [pressure] => 1012.92
    [hum] => 45.59
    [temp] => 23.56
    [DateTime] => 2016/05/02 13:50:02
)
stdClass Object
(
    [pressure] => 1012.93
    [hum] => 45.62
    [temp] => 23.55
    [DateTime] => 2016/05/02 13:55:01
)
stdClass Object
(
    [pressure] => 1012.83
    [hum] => 45.63
    [temp] => 23.56
    [DateTime] => 2016/05/02 14:00:01
)
stdClass Object
(
    [pressure] => 1012.85
    [hum] => 45.68
    [temp] => 23.55
    [DateTime] => 2016/05/02 14:05:02
)
stdClass Object
(
    [pressure] => 1012.86
    [hum] => 45.74
    [temp] => 23.54
    [DateTime] => 2016/05/02 14:10:01
)
stdClass Object
(
    [pressure] => 1012.85
    [hum] => 45.82
    [temp] => 23.53
    [DateTime] => 2016/05/02 14:15:01
)
stdClass Object
(
    [pressure] => 1012.77
    [hum] => 45.81
    [temp] => 23.53
    [DateTime] => 2016/05/02 14:20:02
)
stdClass Object
(
    [pressure] => 1012.72
    [hum] => 45.84
    [temp] => 23.52
    [DateTime] => 2016/05/02 14:25:02
)
stdClass Object
(
    [pressure] => 1012.68
    [hum] => 45.83
    [temp] => 23.53
    [DateTime] => 2016/05/02 14:30:01
)
stdClass Object
(
    [pressure] => 1012.63
    [hum] => 45.85
    [temp] => 23.52
    [DateTime] => 2016/05/02 14:35:02
)
stdClass Object
(
    [pressure] => 1012.66
    [hum] => 45.88
    [temp] => 23.53
    [DateTime] => 2016/05/02 14:40:02
)
stdClass Object
(
    [pressure] => 1012.77
    [hum] => 45.91
    [temp] => 23.53
    [DateTime] => 2016/05/02 14:45:02
)
stdClass Object
(
    [pressure] => 1012.72
    [hum] => 45.95
    [temp] => 23.52
    [DateTime] => 2016/05/02 14:50:02
)
stdClass Object
(
    [pressure] => 1012.64
    [hum] => 45.97
    [temp] => 23.52
    [DateTime] => 2016/05/02 14:55:02
)
stdClass Object
(
    [pressure] => 1012.58
    [hum] => 46.03
    [temp] => 23.52
    [DateTime] => 2016/05/02 15:00:02
)
stdClass Object
(
    [pressure] => 1012.73
    [hum] => 46.09
    [temp] => 23.49
    [DateTime] => 2016/05/02 15:05:02
)
stdClass Object
(
    [pressure] => 1012.64
    [hum] => 46.11
    [temp] => 23.5
    [DateTime] => 2016/05/02 15:10:02
)
stdClass Object
(
    [pressure] => 1012.71
    [hum] => 46.16
    [temp] => 23.5
    [DateTime] => 2016/05/02 15:15:02
)
stdClass Object
(
    [pressure] => 1012.69
    [hum] => 46.2
    [temp] => 23.48
    [DateTime] => 2016/05/02 15:20:01
)
stdClass Object
(
    [pressure] => 1012.72
    [hum] => 46.21
    [temp] => 23.48
    [DateTime] => 2016/05/02 15:25:02
)
stdClass Object
(
    [pressure] => 1012.67
    [hum] => 46.24
    [temp] => 23.47
    [DateTime] => 2016/05/02 15:30:02
)
stdClass Object
(
    [pressure] => 1012.68
    [hum] => 46.24
    [temp] => 23.48
    [DateTime] => 2016/05/02 15:35:01
)
stdClass Object
(
    [pressure] => 1012.72
    [hum] => 46.27
    [temp] => 23.48
    [DateTime] => 2016/05/02 15:40:02
)
stdClass Object
(
    [pressure] => 1012.62
    [hum] => 46.29
    [temp] => 23.47
    [DateTime] => 2016/05/02 15:45:02
)
stdClass Object
(
    [pressure] => 1012.6
    [hum] => 46.33
    [temp] => 23.48
    [DateTime] => 2016/05/02 15:50:01
)
stdClass Object
(
    [pressure] => 1012.64
    [hum] => 46.33
    [temp] => 23.47
    [DateTime] => 2016/05/02 15:55:02
)
stdClass Object
(
    [pressure] => 1012.6
    [hum] => 46.39
    [temp] => 23.46
    [DateTime] => 2016/05/02 16:00:02
)
stdClass Object
(
    [pressure] => 1012.59
    [hum] => 46.43
    [temp] => 23.46
    [DateTime] => 2016/05/02 16:05:01
)
stdClass Object
(
    [pressure] => 1012.63
    [hum] => 46.46
    [temp] => 23.46
    [DateTime] => 2016/05/02 16:10:02
)
stdClass Object
(
    [pressure] => 1012.52
    [hum] => 46.53
    [temp] => 23.45
    [DateTime] => 2016/05/02 16:15:02
)
stdClass Object
(
    [pressure] => 1012.58
    [hum] => 46.57
    [temp] => 23.43
    [DateTime] => 2016/05/02 16:20:02
)
stdClass Object
(
    [pressure] => 1012.6
    [hum] => 46.24
    [temp] => 23.41
    [DateTime] => 2016/05/02 16:25:01
)
stdClass Object
(
    [pressure] => 1012.73
    [hum] => 46.6
    [temp] => 23.44
    [DateTime] => 2016/05/02 16:30:02
)
stdClass Object
(
    [pressure] => 1012.73
    [hum] => 46.61
    [temp] => 23.43
    [DateTime] => 2016/05/02 16:35:02
)
stdClass Object
(
    [pressure] => 1012.74
    [hum] => 46.62
    [temp] => 23.43
    [DateTime] => 2016/05/02 16:40:02
)
stdClass Object
(
    [pressure] => 1012.76
    [hum] => 46.67
    [temp] => 23.41
    [DateTime] => 2016/05/02 16:45:01
)
stdClass Object
(
    [pressure] => 1012.82
    [hum] => 46.67
    [temp] => 23.42
    [DateTime] => 2016/05/02 16:50:02
)
stdClass Object
(
    [pressure] => 1012.92
    [hum] => 46.71
    [temp] => 23.41
    [DateTime] => 2016/05/02 16:55:02
)
stdClass Object
(
    [pressure] => 1012.9
    [hum] => 46.74
    [temp] => 23.4
    [DateTime] => 2016/05/02 17:00:01
)
stdClass Object
(
    [pressure] => 1012.98
    [hum] => 46.78
    [temp] => 23.4
    [DateTime] => 2016/05/02 17:05:02
)
stdClass Object
(
    [pressure] => 1013.02
    [hum] => 46.86
    [temp] => 23.41
    [DateTime] => 2016/05/02 17:10:02
)
stdClass Object
(
    [pressure] => 1013.05
    [hum] => 46.88
    [temp] => 23.39
    [DateTime] => 2016/05/02 17:15:01
)
stdClass Object
(
    [pressure] => 1013
    [hum] => 46.91
    [temp] => 23.4
    [DateTime] => 2016/05/02 17:20:02
)
stdClass Object
(
    [pressure] => 1013.03
    [hum] => 46.9
    [temp] => 23.4
    [DateTime] => 2016/05/02 17:25:02
)
stdClass Object
(
    [pressure] => 1013.04
    [hum] => 46.96
    [temp] => 23.39
    [DateTime] => 2016/05/02 17:30:01
)
stdClass Object
(
    [pressure] => 1013.08
    [hum] => 46.97
    [temp] => 23.4
    [DateTime] => 2016/05/02 17:35:02
)
stdClass Object
(
    [pressure] => 1013.09
    [hum] => 46.99
    [temp] => 23.39
    [DateTime] => 2016/05/02 17:40:02
)
stdClass Object
(
    [pressure] => 1013.09
    [hum] => 47.06
    [temp] => 23.38
    [DateTime] => 2016/05/02 17:45:02
)
stdClass Object
(
    [pressure] => 1013.11
    [hum] => 47.08
    [temp] => 23.38
    [DateTime] => 2016/05/02 17:50:02
)
stdClass Object
(
    [pressure] => 1013.19
    [hum] => 47.12
    [temp] => 23.38
    [DateTime] => 2016/05/02 17:55:02
)
stdClass Object
(
    [pressure] => 1013.22
    [hum] => 47.17
    [temp] => 23.38
    [DateTime] => 2016/05/02 18:00:02
)
stdClass Object
(
    [pressure] => 1013.27
    [hum] => 47.19
    [temp] => 23.38
    [DateTime] => 2016/05/02 18:05:02
)
stdClass Object
(
    [pressure] => 1013.33
    [hum] => 47.19
    [temp] => 23.4
    [DateTime] => 2016/05/02 18:10:02
)
stdClass Object
(
    [pressure] => 1013.37
    [hum] => 47.25
    [temp] => 23.38
    [DateTime] => 2016/05/02 18:15:02
)
stdClass Object
(
    [pressure] => 1013.44
    [hum] => 47.29
    [temp] => 23.37
    [DateTime] => 2016/05/02 18:20:01
)
stdClass Object
(
    [pressure] => 1013.58
    [hum] => 47.26
    [temp] => 23.36
    [DateTime] => 2016/05/02 18:25:02
)
stdClass Object
(
    [pressure] => 1013.67
    [hum] => 47.3
    [temp] => 23.35
    [DateTime] => 2016/05/02 18:30:02
)
stdClass Object
(
    [pressure] => 1013.63
    [hum] => 47.33
    [temp] => 23.35
    [DateTime] => 2016/05/02 18:35:01
)
stdClass Object
(
    [pressure] => 1013.66
    [hum] => 47.43
    [temp] => 23.34
    [DateTime] => 2016/05/02 18:40:02
)
stdClass Object
(
    [pressure] => 1013.68
    [hum] => 47.46
    [temp] => 23.33
    [DateTime] => 2016/05/02 18:45:02
)
stdClass Object
(
    [pressure] => 1013.72
    [hum] => 47.54
    [temp] => 23.33
    [DateTime] => 2016/05/02 18:50:01
)
stdClass Object
(
    [pressure] => 1013.76
    [hum] => 47.61
    [temp] => 23.33
    [DateTime] => 2016/05/02 18:55:01
)
stdClass Object
(
    [pressure] => 1013.78
    [hum] => 47.67
    [temp] => 23.31
    [DateTime] => 2016/05/02 19:00:02
)
stdClass Object
(
    [pressure] => 1013.74
    [hum] => 47.77
    [temp] => 23.31
    [DateTime] => 2016/05/02 19:05:01
)
stdClass Object
(
    [pressure] => 1013.8
    [hum] => 47.78
    [temp] => 23.29
    [DateTime] => 2016/05/02 19:10:01
)
stdClass Object
(
    [pressure] => 1014.01
    [hum] => 47.81
    [temp] => 23.29
    [DateTime] => 2016/05/02 19:15:02
)
stdClass Object
(
    [pressure] => 1014.06
    [hum] => 47.87
    [temp] => 23.29
    [DateTime] => 2016/05/02 19:20:02
)
stdClass Object
(
    [pressure] => 1014.1
    [hum] => 47.98
    [temp] => 23.28
    [DateTime] => 2016/05/02 19:25:01
)
stdClass Object
(
    [pressure] => 1014.22
    [hum] => 48
    [temp] => 23.27
    [DateTime] => 2016/05/02 19:30:02
)
stdClass Object
(
    [pressure] => 1014.27
    [hum] => 48.09
    [temp] => 23.25
    [DateTime] => 2016/05/02 19:35:02
)
stdClass Object
(
    [pressure] => 1014.36
    [hum] => 48.15
    [temp] => 23.26
    [DateTime] => 2016/05/02 19:40:01
)
stdClass Object
(
    [pressure] => 1014.42
    [hum] => 48.17
    [temp] => 23.25
    [DateTime] => 2016/05/02 19:45:02
)
stdClass Object
(
    [pressure] => 1014.47
    [hum] => 48.18
    [temp] => 23.24
    [DateTime] => 2016/05/02 19:50:02
)
stdClass Object
(
    [pressure] => 1014.66
    [hum] => 48.27
    [temp] => 23.24
    [DateTime] => 2016/05/02 19:55:01
)
stdClass Object
(
    [pressure] => 1014.75
    [hum] => 48.15
    [temp] => 23.26
    [DateTime] => 2016/05/02 20:00:02
)
stdClass Object
(
    [pressure] => 1014.76
    [hum] => 48.16
    [temp] => 23.26
    [DateTime] => 2016/05/02 20:05:02
)
stdClass Object
(
    [pressure] => 1014.91
    [hum] => 48.18
    [temp] => 23.26
    [DateTime] => 2016/05/02 20:10:02
)
stdClass Object
(
    [pressure] => 1015
    [hum] => 48.32
    [temp] => 23.25
    [DateTime] => 2016/05/02 20:15:01
)
stdClass Object
(
    [pressure] => 1015.03
    [hum] => 48.4
    [temp] => 23.24
    [DateTime] => 2016/05/02 20:20:02
)
stdClass Object
(
    [pressure] => 1015
    [hum] => 48.39
    [temp] => 23.22
    [DateTime] => 2016/05/02 20:25:02
)
stdClass Object
(
    [pressure] => 1015.07
    [hum] => 48.49
    [temp] => 23.23
    [DateTime] => 2016/05/02 20:30:01
)
stdClass Object
(
    [pressure] => 1015.18
    [hum] => 48.54
    [temp] => 23.23
    [DateTime] => 2016/05/02 20:35:02
)
stdClass Object
(
    [pressure] => 1015.16
    [hum] => 48.6
    [temp] => 23.22
    [DateTime] => 2016/05/02 20:40:02
)
stdClass Object
(
    [pressure] => 1015.16
    [hum] => 48.63
    [temp] => 23.21
    [DateTime] => 2016/05/02 20:45:02
)
stdClass Object
(
    [pressure] => 1015.17
    [hum] => 48.66
    [temp] => 23.21
    [DateTime] => 2016/05/02 20:50:01
)
stdClass Object
(
    [pressure] => 1015.16
    [hum] => 48.63
    [temp] => 23.2
    [DateTime] => 2016/05/02 20:55:02
)
stdClass Object
(
    [pressure] => 1015.16
    [hum] => 48.61
    [temp] => 23.21
    [DateTime] => 2016/05/02 21:00:02
)
stdClass Object
(
    [pressure] => 1015.1
    [hum] => 48.63
    [temp] => 23.22
    [DateTime] => 2016/05/02 21:05:01
)
stdClass Object
(
    [pressure] => 1015.15
    [hum] => 48.74
    [temp] => 23.21
    [DateTime] => 2016/05/02 21:10:02
)
stdClass Object
(
    [pressure] => 1015.21
    [hum] => 48.8
    [temp] => 23.2
    [DateTime] => 2016/05/02 21:15:02
)
stdClass Object
(
    [pressure] => 1015.15
    [hum] => 48.87
    [temp] => 23.19
    [DateTime] => 2016/05/02 21:20:01
)
stdClass Object
(
    [pressure] => 1015.19
    [hum] => 48.98
    [temp] => 23.19
    [DateTime] => 2016/05/02 21:25:01
)
stdClass Object
(
    [pressure] => 1015.2
    [hum] => 49.1
    [temp] => 23.18
    [DateTime] => 2016/05/02 21:30:02
)
stdClass Object
(
    [pressure] => 1015.28
    [hum] => 49.18
    [temp] => 23.17
    [DateTime] => 2016/05/02 21:35:01
)
stdClass Object
(
    [pressure] => 1015.14
    [hum] => 49.23
    [temp] => 23.16
    [DateTime] => 2016/05/02 21:40:01
)
stdClass Object
(
    [pressure] => 1015.14
    [hum] => 49.26
    [temp] => 23.16
    [DateTime] => 2016/05/02 21:45:02
)
stdClass Object
(
    [pressure] => 1015
    [hum] => 49.36
    [temp] => 23.15
    [DateTime] => 2016/05/02 21:50:02
)
stdClass Object
(
    [pressure] => 1015.06
    [hum] => 50.29
    [temp] => 23.16
    [DateTime] => 2016/05/02 21:55:01
)
stdClass Object
(
    [pressure] => 1015.01
    [hum] => 50.46
    [temp] => 23.13
    [DateTime] => 2016/05/02 22:00:02
)
stdClass Object
(
    [pressure] => 1014.88
    [hum] => 49.53
    [temp] => 23.23
    [DateTime] => 2016/05/02 22:05:02
)
stdClass Object
(
    [pressure] => 1014.83
    [hum] => 50.04
    [temp] => 23.28
    [DateTime] => 2016/05/02 22:10:02
)
stdClass Object
(
    [pressure] => 1014.91
    [hum] => 50.8
    [temp] => 23.49
    [DateTime] => 2016/05/02 22:15:01
)
stdClass Object
(
    [pressure] => 1014.94
    [hum] => 49.57
    [temp] => 23.61
    [DateTime] => 2016/05/02 22:20:02
)
stdClass Object
(
    [pressure] => 1014.83
    [hum] => 49.05
    [temp] => 23.73
    [DateTime] => 2016/05/02 22:25:02
)
stdClass Object
(
    [pressure] => 1014.75
    [hum] => 47.99
    [temp] => 24.22
    [DateTime] => 2016/05/02 22:30:01
)
stdClass Object
(
    [pressure] => 1014.65
    [hum] => 46.81
    [temp] => 24.69
    [DateTime] => 2016/05/02 22:35:02
)
stdClass Object
(
    [pressure] => 1014.51
    [hum] => 45.64
    [temp] => 25.26
    [DateTime] => 2016/05/02 22:40:02
)
stdClass Object
(
    [pressure] => 1014.43
    [hum] => 44.43
    [temp] => 25.83
    [DateTime] => 2016/05/02 22:45:02
)
stdClass Object
(
    [pressure] => 1014.48
    [hum] => 43.37
    [temp] => 26.35
    [DateTime] => 2016/05/02 22:50:02
)
stdClass Object
(
    [pressure] => 1014.49
    [hum] => 42.23
    [temp] => 26.84
    [DateTime] => 2016/05/02 22:55:02
)
stdClass Object
(
    [pressure] => 1014.47
    [hum] => 41.33
    [temp] => 27.28
    [DateTime] => 2016/05/02 23:00:02
)
stdClass Object
(
    [pressure] => 1014.42
    [hum] => 40.41
    [temp] => 27.69
    [DateTime] => 2016/05/02 23:05:01
)
stdClass Object
(
    [pressure] => 1014.4
    [hum] => 39.62
    [temp] => 28.12
    [DateTime] => 2016/05/02 23:10:02
)
stdClass Object
(
    [pressure] => 1014.49
    [hum] => 39.31
    [temp] => 28.43
    [DateTime] => 2016/05/02 23:15:02
)
stdClass Object
(
    [pressure] => 1014.47
    [hum] => 38.57
    [temp] => 28.73
    [DateTime] => 2016/05/02 23:20:01
)
stdClass Object
(
    [pressure] => 1014.39
    [hum] => 38.09
    [temp] => 29.05
    [DateTime] => 2016/05/02 23:25:01
)
stdClass Object
(
    [pressure] => 1014.2
    [hum] => 38.07
    [temp] => 29.16
    [DateTime] => 2016/05/02 23:30:02
)
stdClass Object
(
    [pressure] => 1014.32
    [hum] => 38.52
    [temp] => 28.85
    [DateTime] => 2016/05/02 23:35:02
)
stdClass Object
(
    [pressure] => 1014.3
    [hum] => 39.83
    [temp] => 28.19
    [DateTime] => 2016/05/02 23:40:01
)
stdClass Object
(
    [pressure] => 1014.21
    [hum] => 41.2
    [temp] => 27.83
    [DateTime] => 2016/05/02 23:45:02
)
stdClass Object
(
    [pressure] => 1014.29
    [hum] => 40.7
    [temp] => 28.04
    [DateTime] => 2016/05/02 23:50:02
)
stdClass Object
(
    [pressure] => 1014.12
    [hum] => 40.89
    [temp] => 27.92
    [DateTime] => 2016/05/02 23:55:01
)
stdClass Object
(
    [pressure] => 1014.09
    [hum] => 41.33
    [temp] => 27.85
    [DateTime] => 2016/05/03 00:00:01
)
stdClass Object
(
    [pressure] => 1014.04
    [hum] => 41.33
    [temp] => 27.69
    [DateTime] => 2016/05/03 00:05:02
)
stdClass Object
(
    [pressure] => 1014.06
    [hum] => 42.01
    [temp] => 27.51
    [DateTime] => 2016/05/03 00:10:02
)
stdClass Object
(
    [pressure] => 1014.09
    [hum] => 42.34
    [temp] => 27.38
    [DateTime] => 2016/05/03 00:15:01
)
stdClass Object
(
    [pressure] => 1014.16
    [hum] => 42.53
    [temp] => 27.37
    [DateTime] => 2016/05/03 00:20:02
)
stdClass Object
(
    [pressure] => 1014.11
    [hum] => 42.75
    [temp] => 27.26
    [DateTime] => 2016/05/03 00:25:02
)
stdClass Object
(
    [pressure] => 1014.14
    [hum] => 42.02
    [temp] => 27.49
    [DateTime] => 2016/05/03 00:30:02
)
stdClass Object
(
    [pressure] => 1014.16
    [hum] => 42.01
    [temp] => 27.55
    [DateTime] => 2016/05/03 00:35:01
)
stdClass Object
(
    [pressure] => 1014.12
    [hum] => 42
    [temp] => 27.57
    [DateTime] => 2016/05/03 00:40:02
)
stdClass Object
(
    [pressure] => 1014.03
    [hum] => 42.12
    [temp] => 27.57
    [DateTime] => 2016/05/03 00:45:02
)
stdClass Object
(
    [pressure] => 1013.99
    [hum] => 42.43
    [temp] => 27.59
    [DateTime] => 2016/05/03 00:50:01
)
stdClass Object
(
    [pressure] => 1013.99
    [hum] => 41.97
    [temp] => 27.7
    [DateTime] => 2016/05/03 00:55:01
)
stdClass Object
(
    [pressure] => 1013.97
    [hum] => 41.88
    [temp] => 27.75
    [DateTime] => 2016/05/03 01:00:02
)
stdClass Object
(
    [pressure] => 1013.85
    [hum] => 42.06
    [temp] => 27.73
    [DateTime] => 2016/05/03 01:05:02
)
stdClass Object
(
    [pressure] => 1013.71
    [hum] => 41.95
    [temp] => 27.77
    [DateTime] => 2016/05/03 01:10:01
)
stdClass Object
(
    [pressure] => 1013.69
    [hum] => 41.87
    [temp] => 27.79
    [DateTime] => 2016/05/03 01:15:01
)
stdClass Object
(
    [pressure] => 1013.63
    [hum] => 42.42
    [temp] => 27.79
    [DateTime] => 2016/05/03 01:20:02
)
stdClass Object
(
    [pressure] => 1013.61
    [hum] => 42.56
    [temp] => 27.58
    [DateTime] => 2016/05/03 01:25:02
)
stdClass Object
(
    [pressure] => 1013.59
    [hum] => 42.75
    [temp] => 27.47
    [DateTime] => 2016/05/03 01:30:01
)
stdClass Object
(
    [pressure] => 1013.66
    [hum] => 42.81
    [temp] => 27.42
    [DateTime] => 2016/05/03 01:35:02
)
stdClass Object
(
    [pressure] => 1013.58
    [hum] => 43.11
    [temp] => 27.37
    [DateTime] => 2016/05/03 01:40:02
)
stdClass Object
(
    [pressure] => 1013.45
    [hum] => 43.92
    [temp] => 27.29
    [DateTime] => 2016/05/03 01:45:01
)
stdClass Object
(
    [pressure] => 1013.49
    [hum] => 42.79
    [temp] => 27.36
    [DateTime] => 2016/05/03 01:50:02
)
stdClass Object
(
    [pressure] => 1013.65
    [hum] => 43.19
    [temp] => 27.19
    [DateTime] => 2016/05/03 01:55:02
)
stdClass Object
(
    [pressure] => 1013.65
    [hum] => 43.62
    [temp] => 27.07
    [DateTime] => 2016/05/03 02:00:02
)
stdClass Object
(
    [user] => stdClass Object
        (
            [first_name] => firstname
            [last_name] => lastname
            [email] => email@email.com
            [password] => app123
            [password_confirmation] => app123
        )

)
